<?xml version="1.0" encoding="UTF-8"?>
<testsuite xmlns:xsi="http://www.w3.org/2001/XMLSchema-instance" xsi:noNamespaceSchemaLocation="https://maven.apache.org/surefire/maven-surefire-plugin/xsd/surefire-test-report.xsd" name="anupkg.AppTest" time="0.159" tests="1" errors="0" skipped="0" failures="0">
  <properties>
    <property name="sun.desktop" value="windows"/>
    <property name="awt.toolkit" value="sun.awt.windows.WToolkit"/>
    <property name="file.encoding.pkg" value="sun.io"/>
    <property name="java.specification.version" value="1.8"/>
    <property name="sun.cpu.isalist" value="pentium_pro+mmx pentium_pro pentium+mmx pentium i486 i386 i86"/>
    <property name="sun.jnu.encoding" value="Cp1252"/>
    <property name="java.class.path" value="C:\Users\pgrl-laptop\Music\Downloads\test.tst\cc-project\target\test-classes;C:\Users\pgrl-laptop\Music\Downloads\test.tst\cc-project\target\classes;C:\Users\pgrl-laptop\.m2\repository\junit\junit\4.11\junit-4.11.jar;C:\Users\pgrl-laptop\.m2\repository\org\hamcrest\hamcrest-core\1.3\hamcrest-core-1.3.jar;"/>
    <property name="java.vm.vendor" value="Oracle Corporation"/>
    <property name="sun.arch.data.model" value="32"/>
    <property name="user.variant" value=""/>
    <property name="java.vendor.url" value="http://java.oracle.com/"/>
    <property name="user.timezone" value="Asia/Calcutta"/>
    <property name="java.vm.specification.version" value="1.8"/>
    <property name="os.name" value="Windows 7"/>
    <property name="user.country" value="IN"/>
    <property name="sun.java.launcher" value="SUN_STANDARD"/>
    <property name="sun.boot.library.path" value="C:\Users\pgrl-laptop\Music\Downloads\Java\jdk1.8.0_333\jre\bin"/>
    <property name="sun.java.command" value="C:\Users\PGRL-L~1\AppData\Local\Temp\surefire8575311757011327654\surefirebooter67834437199945699.jar C:\Users\pgrl-laptop\AppData\Local\Temp\surefire8575311757011327654 2022-10-28T00-37-57_785-jvmRun1 surefire4953203321881652370tmp surefire_03091000333061826315tmp"/>
    <property name="surefire.test.class.path" value="C:\Users\pgrl-laptop\Music\Downloads\test.tst\cc-project\target\test-classes;C:\Users\pgrl-laptop\Music\Downloads\test.tst\cc-project\target\classes;C:\Users\pgrl-laptop\.m2\repository\junit\junit\4.11\junit-4.11.jar;C:\Users\pgrl-laptop\.m2\repository\org\hamcrest\hamcrest-core\1.3\hamcrest-core-1.3.jar;"/>
    <property name="sun.cpu.endian" value="little"/>
    <property name="user.home" value="C:\Users\pgrl-laptop"/>
    <property name="user.language" value="en"/>
    <property name="java.specification.vendor" value="Oracle Corporation"/>
    <property name="java.home" value="C:\Users\pgrl-laptop\Music\Downloads\Java\jdk1.8.0_333\jre"/>
    <property name="basedir" value="C:\Users\pgrl-laptop\Music\Downloads\test.tst\cc-project"/>
    <property name="file.separator" value="\"/>
    <property name="line.separator" value="&#10;"/>
    <property name="java.vm.specification.vendor" value="Oracle Corporation"/>
    <property name="java.specification.name" value="Java Platform API Specification"/>
    <property name="java.awt.graphicsenv" value="sun.awt.Win32GraphicsEnvironment"/>
    <property name="surefire.real.class.path" value="C:\Users\PGRL-L~1\AppData\Local\Temp\surefire8575311757011327654\surefirebooter67834437199945699.jar"/>
    <property name="sun.boot.class.path" value="C:\Users\pgrl-laptop\Music\Downloads\Java\jdk1.8.0_333\jre\lib\resources.jar;C:\Users\pgrl-laptop\Music\Downloads\Java\jdk1.8.0_333\jre\lib\rt.jar;C:\Users\pgrl-laptop\Music\Downloads\Java\jdk1.8.0_333\jre\lib\sunrsasign.jar;C:\Users\pgrl-laptop\Music\Downloads\Java\jdk1.8.0_333\jre\lib\jsse.jar;C:\Users\pgrl-laptop\Music\Downloads\Java\jdk1.8.0_333\jre\lib\jce.jar;C:\Users\pgrl-laptop\Music\Downloads\Java\jdk1.8.0_333\jre\lib\charsets.jar;C:\Users\pgrl-laptop\Music\Downloads\Java\jdk1.8.0_333\jre\lib\jfr.jar;C:\Users\pgrl-laptop\Music\Downloads\Java\jdk1.8.0_333\jre\classes"/>
    <property name="user.script" value=""/>
    <property name="sun.management.compiler" value="HotSpot Client Compiler"/>
    <property name="java.runtime.version" value="1.8.0_333-b02"/>
    <property name="user.name" value="pgrl-laptop"/>
    <property name="path.separator" value=";"/>
    <property name="os.version" value="6.1"/>
    <property name="java.endorsed.dirs" value="C:\Users\pgrl-laptop\Music\Downloads\Java\jdk1.8.0_333\jre\lib\endorsed"/>
    <property name="java.runtime.name" value="Java(TM) SE Runtime Environment"/>
    <property name="file.encoding" value="Cp1252"/>
    <property name="java.vm.name" value="Java HotSpot(TM) Client VM"/>
    <property name="localRepository" value="C:\Users\pgrl-laptop\.m2\repository"/>
    <property name="java.vendor.url.bug" value="http://bugreport.sun.com/bugreport/"/>
    <property name="java.io.tmpdir" value="C:\Users\PGRL-L~1\AppData\Local\Temp\"/>
    <property name="java.version" value="1.8.0_333"/>
    <property name="user.dir" value="C:\Users\pgrl-laptop\Music\Downloads\test.tst\cc-project"/>
    <property name="os.arch" value="x86"/>
    <property name="java.vm.specification.name" value="Java Virtual Machine Specification"/>
    <property name="java.awt.printerjob" value="sun.awt.windows.WPrinterJob"/>
    <property name="sun.os.patch.level" value="Service Pack 1"/>
    <property name="java.library.path" value="C:\Users\pgrl-laptop\Music\Downloads\Java\jdk1.8.0_333\jre\bin;C:\Windows\Sun\Java\bin;C:\Windows\system32;C:\Windows;C:\Users\pgrl-laptop\bin;C:\Program Files\Git\mingw32\bin;C:\Program Files\Git\usr\local\bin;C:\Program Files\Git\usr\bin;C:\Program Files\Git\usr\bin;C:\Program Files\Git\mingw32\bin;C:\Program Files\Git\usr\bin;C:\Users\pgrl-laptop\bin;C:\Users\pgrl-laptop\Music\Downloads\apache-maven-3.8.5\bin;C:\Users\pgrl-laptop\terraform_1.3.3_windows_386 (1);C:\Program Files\Git\usr\bin\vendor_perl;C:\Program Files\Git\usr\bin\core_perl;."/>
    <property name="java.vm.info" value="mixed mode"/>
    <property name="java.vendor" value="Oracle Corporation"/>
    <property name="java.vm.version" value="25.333-b02"/>
    <property name="java.ext.dirs" value="C:\Users\pgrl-laptop\Music\Downloads\Java\jdk1.8.0_333\jre\lib\ext;C:\Windows\Sun\Java\lib\ext"/>
    <property name="sun.io.unicode.encoding" value="UnicodeLittle"/>
    <property name="java.class.version" value="52.0"/>
  </properties>
  <testcase name="shouldAnswerWithTrue" classname="anupkg.AppTest" time="0.002"/>
</testsuite>